c:\users\user\source\repos\game\game\x64\debug\vc143.pdb
c:\users\user\source\repos\game\game\x64\debug\vc143.idb
c:\users\user\source\repos\game\game\x64\debug\game.obj
c:\users\user\source\repos\game\x64\debug\game.pdb
c:\users\user\source\repos\game\game\x64\debug\game.tlog\cl.command.1.tlog
c:\users\user\source\repos\game\game\x64\debug\game.tlog\cl.read.1.tlog
c:\users\user\source\repos\game\game\x64\debug\game.tlog\cl.write.1.tlog
c:\users\user\source\repos\game\game\x64\debug\game.tlog\link-cvtres.read.1.tlog
c:\users\user\source\repos\game\game\x64\debug\game.tlog\link-cvtres.write.1.tlog
c:\users\user\source\repos\game\game\x64\debug\game.tlog\link-rc.read.1.tlog
c:\users\user\source\repos\game\game\x64\debug\game.tlog\link-rc.write.1.tlog
c:\users\user\source\repos\game\game\x64\debug\game.tlog\link.11728-cvtres.read.1.tlog
c:\users\user\source\repos\game\game\x64\debug\game.tlog\link.11728-cvtres.write.1.tlog
c:\users\user\source\repos\game\game\x64\debug\game.tlog\link.11728-rc.read.1.tlog
c:\users\user\source\repos\game\game\x64\debug\game.tlog\link.11728-rc.write.1.tlog
c:\users\user\source\repos\game\game\x64\debug\game.tlog\link.11728.read.1.tlog
c:\users\user\source\repos\game\game\x64\debug\game.tlog\link.11728.read.2.tlog
c:\users\user\source\repos\game\game\x64\debug\game.tlog\link.11728.write.1.tlog
c:\users\user\source\repos\game\game\x64\debug\game.tlog\link.command.1.tlog
c:\users\user\source\repos\game\game\x64\debug\game.tlog\link.read.1.tlog
c:\users\user\source\repos\game\game\x64\debug\game.tlog\link.read.2.tlog
c:\users\user\source\repos\game\game\x64\debug\game.tlog\link.write.1.tlog
